{"level":"INFO","timestamp":"2025-03-07T21:09:26.244+0800","caller":"logger/logger.go:76","msg":"配置初始化完成"}
{"level":"INFO","timestamp":"2025-03-07T21:09:26.245+0800","caller":"logger/logger.go:76","msg":"开始创建API服务"}
{"level":"INFO","timestamp":"2025-03-07T21:09:26.246+0800","caller":"logger/logger.go:76","msg":"Redis管理器创建完成","redis_addr":"127.0.0.1:6379"}
{"level":"INFO","timestamp":"2025-03-07T21:09:26.246+0800","caller":"logger/logger.go:76","msg":"开始创建ConfigWrapper"}
{"level":"INFO","timestamp":"2025-03-07T21:09:26.271+0800","caller":"logger/logger.go:76","msg":"ConfigWrapper创建完成","config":{"Mitmproxy":{"AddrPort":"","SslInsecure":false,"IncludeDomain":[],"ExcludeDomain":["github.com","baidu.com","wetab.link","avatars.githubusercontent.com","cn.bing.com","api.wetab.link","luna-ai.youdao.com","www.bilibili.com","chaos.com","youdao.com","microsoft.com"],"FilterSuffix":[".mp3",".mp4",".js"]},"Redis":{"Address":"127.0.0.1:6379"},"HeaderMap":{"Headers":null,"SetCookie":null},"CaConfig":{"CaRootPath":"certs"},"TemplateFilter":{"Severity":"critical,high","ExcludeSeverities":"","ProtocolTypes":"","ExcludeProtocolTypes":"","Authors":["doppel"],"Tags":["testnnnn"],"ExcludeTags":[],"IncludeTags":[],"IDs":[],"ExcludeIDs":[],"TemplateCondition":[]}}}
{"level":"INFO","timestamp":"2025-03-07T21:09:26.272+0800","caller":"logger/logger.go:76","msg":"开始设置配置变更监听"}
{"level":"INFO","timestamp":"2025-03-07T21:09:26.272+0800","caller":"logger/logger.go:76","msg":"配置变更监听器启动完成"}
{"level":"INFO","timestamp":"2025-03-07T21:09:26.272+0800","caller":"logger/logger.go:76","msg":"配置变更监听器设置完成"}
{"level":"INFO","timestamp":"2025-03-07T21:09:26.273+0800","caller":"logger/logger.go:76","msg":"API路由设置完成"}
{"level":"INFO","timestamp":"2025-03-07T21:09:26.273+0800","caller":"logger/logger.go:76","msg":"API服务创建完成","redis_addr":"127.0.0.1:6379"}
{"level":"INFO","timestamp":"2025-03-07T21:09:26.273+0800","caller":"logger/logger.go:76","msg":"正在启动API服务器","port":":7080"}
{"level":"INFO","timestamp":"2025-03-07T21:09:26.273+0800","caller":"logger/logger.go:76","msg":"正在启动代理服务","port":""}
{"level":"INFO","timestamp":"2025-03-07T21:09:26.734+0800","caller":"logger/logger.go:76","msg":"使用模板路径","templates":"S:\\Hack\\HackInGo\\Guts\\templates","workflows":"S:\\Hack\\HackInGo\\Guts\\templates\\workflows"}
{"level":"INFO","timestamp":"2025-03-07T21:09:52.197+0800","caller":"logger/logger.go:76","msg":"收到获取配置请求"}
{"level":"INFO","timestamp":"2025-03-07T21:09:52.197+0800","caller":"logger/logger.go:76","msg":"开始创建ConfigWrapper"}
{"level":"INFO","timestamp":"2025-03-07T21:09:52.197+0800","caller":"logger/logger.go:76","msg":"ConfigWrapper创建完成","config":{"Mitmproxy":{"AddrPort":"","SslInsecure":false,"IncludeDomain":[],"ExcludeDomain":["github.com","baidu.com","wetab.link","avatars.githubusercontent.com","cn.bing.com","api.wetab.link","luna-ai.youdao.com","www.bilibili.com","chaos.com","youdao.com","microsoft.com"],"FilterSuffix":[".mp3",".mp4",".js"]},"Redis":{"Address":"127.0.0.1:6379"},"HeaderMap":{"Headers":null,"SetCookie":null},"CaConfig":{"CaRootPath":"certs"},"TemplateFilter":{"Severity":"critical,high","ExcludeSeverities":"","ProtocolTypes":"","ExcludeProtocolTypes":"","Authors":["doppel"],"Tags":["testnnnn"],"ExcludeTags":[],"IncludeTags":[],"IDs":[],"ExcludeIDs":[],"TemplateCondition":[]}}}
{"level":"INFO","timestamp":"2025-03-07T21:09:55.523+0800","caller":"logger/logger.go:76","msg":"正在启动代理服务","port":":9080"}
{"level":"INFO","timestamp":"2025-03-07T21:10:05.257+0800","caller":"logger/logger.go:76","msg":"配置更新成功","new_config":{"AddrPort":"","SslInsecure":false,"IncludeDomain":[],"ExcludeDomain":["github.com","baidu.com","wetab.link","avatars.githubusercontent.com","cn.bing.com","api.wetab.link","luna-ai.youdao.com","www.bilibili.com","chaos.com","youdao.com","microsoft.com","lxc.com"],"FilterSuffix":[".mp3",".mp4",".js"]},"client_ip":"::1"}
{"level":"INFO","timestamp":"2025-03-07T21:10:05.257+0800","caller":"logger/logger.go:76","msg":"配置类型转换成功，执行回调"}
{"level":"INFO","timestamp":"2025-03-07T21:10:05.258+0800","caller":"logger/logger.go:76","msg":"收到配置更新","config":{"Mitmproxy":{"AddrPort":"","SslInsecure":false,"IncludeDomain":[],"ExcludeDomain":["github.com","baidu.com","wetab.link","avatars.githubusercontent.com","cn.bing.com","api.wetab.link","luna-ai.youdao.com","www.bilibili.com","chaos.com","youdao.com","microsoft.com","lxc.com"],"FilterSuffix":[".mp3",".mp4",".js"]},"Redis":{"Address":"127.0.0.1:6379"},"HeaderMap":{"Headers":null,"SetCookie":null},"CaConfig":{"CaRootPath":"certs"},"TemplateFilter":{"Severity":"critical,high","ExcludeSeverities":"","ProtocolTypes":"","ExcludeProtocolTypes":"","Authors":["doppel"],"Tags":["testnnnn"],"ExcludeTags":[],"IncludeTags":[],"IDs":[],"ExcludeIDs":[],"TemplateCondition":[]}}}
{"level":"INFO","timestamp":"2025-03-07T21:10:05.263+0800","caller":"logger/logger.go:76","msg":"收到获取配置请求"}
{"level":"INFO","timestamp":"2025-03-07T21:10:05.263+0800","caller":"logger/logger.go:76","msg":"开始创建ConfigWrapper"}
{"level":"INFO","timestamp":"2025-03-07T21:10:05.264+0800","caller":"logger/logger.go:76","msg":"ConfigWrapper创建完成","config":{"Mitmproxy":{"AddrPort":"","SslInsecure":false,"IncludeDomain":[],"ExcludeDomain":["github.com","baidu.com","wetab.link","avatars.githubusercontent.com","cn.bing.com","api.wetab.link","luna-ai.youdao.com","www.bilibili.com","chaos.com","youdao.com","microsoft.com","lxc.com"],"FilterSuffix":[".mp3",".mp4",".js"]},"Redis":{"Address":"127.0.0.1:6379"},"HeaderMap":{"Headers":null,"SetCookie":null},"CaConfig":{"CaRootPath":"certs"},"TemplateFilter":{"Severity":"critical,high","ExcludeSeverities":"","ProtocolTypes":"","ExcludeProtocolTypes":"","Authors":["doppel"],"Tags":["testnnnn"],"ExcludeTags":[],"IncludeTags":[],"IDs":[],"ExcludeIDs":[],"TemplateCondition":[]}}}
{"level":"INFO","timestamp":"2025-03-07T21:10:41.317+0800","caller":"logger/logger.go:76","msg":"收到获取模板配置请求"}
{"level":"INFO","timestamp":"2025-03-07T21:10:41.317+0800","caller":"logger/logger.go:76","msg":"返回模板配置","config":{"Severity":"critical,high","ExcludeSeverities":"","ProtocolTypes":"","ExcludeProtocolTypes":"","Authors":["doppel"],"Tags":["testnnnn"],"ExcludeTags":[],"IncludeTags":[],"IDs":[],"ExcludeIDs":[],"TemplateCondition":[]}}
{"level":"INFO","timestamp":"2025-03-07T21:10:47.025+0800","caller":"logger/logger.go:76","msg":"模板配置更新成功","new_config":{"Severity":"critical,high","ExcludeSeverities":"","ProtocolTypes":"","ExcludeProtocolTypes":"","Authors":[],"Tags":[],"ExcludeTags":[],"IncludeTags":[],"IDs":[],"ExcludeIDs":[],"TemplateCondition":[]}}
{"level":"INFO","timestamp":"2025-03-07T21:10:47.032+0800","caller":"logger/logger.go:76","msg":"收到获取模板配置请求"}
{"level":"INFO","timestamp":"2025-03-07T21:10:47.032+0800","caller":"logger/logger.go:76","msg":"返回模板配置","config":{"Severity":"critical,high","ExcludeSeverities":"","ProtocolTypes":"","ExcludeProtocolTypes":"","Authors":[],"Tags":[],"ExcludeTags":[],"IncludeTags":[],"IDs":[],"ExcludeIDs":[],"TemplateCondition":[]}}
{"level":"INFO","timestamp":"2025-03-07T21:10:50.737+0800","caller":"logger/logger.go:76","msg":"模板配置更新成功","new_config":{"Severity":"critical,high","ExcludeSeverities":"","ProtocolTypes":"http,dns,file,tcp,headless","ExcludeProtocolTypes":"","Authors":[],"Tags":[],"ExcludeTags":[],"IncludeTags":[],"IDs":[],"ExcludeIDs":[],"TemplateCondition":[]}}
{"level":"INFO","timestamp":"2025-03-07T21:10:50.743+0800","caller":"logger/logger.go:76","msg":"收到获取模板配置请求"}
{"level":"INFO","timestamp":"2025-03-07T21:10:50.743+0800","caller":"logger/logger.go:76","msg":"返回模板配置","config":{"Severity":"critical,high","ExcludeSeverities":"","ProtocolTypes":"http,dns,file,tcp,headless","ExcludeProtocolTypes":"","Authors":[],"Tags":[],"ExcludeTags":[],"IncludeTags":[],"IDs":[],"ExcludeIDs":[],"TemplateCondition":[]}}
{"level":"INFO","timestamp":"2025-03-07T21:11:13.426+0800","caller":"logger/logger.go:76","msg":"收到获取模板配置请求"}
{"level":"INFO","timestamp":"2025-03-07T21:11:13.426+0800","caller":"logger/logger.go:76","msg":"返回模板配置","config":{"Severity":"critical,high","ExcludeSeverities":"","ProtocolTypes":"http,dns,file,tcp,headless","ExcludeProtocolTypes":"","Authors":[],"Tags":[],"ExcludeTags":[],"IncludeTags":[],"IDs":[],"ExcludeIDs":[],"TemplateCondition":[]}}
{"level":"INFO","timestamp":"2025-03-07T21:11:15.272+0800","caller":"logger/logger.go:76","msg":"收到获取模板配置请求"}
{"level":"INFO","timestamp":"2025-03-07T21:11:15.272+0800","caller":"logger/logger.go:76","msg":"返回模板配置","config":{"Severity":"critical,high","ExcludeSeverities":"","ProtocolTypes":"http,dns,file,tcp,headless","ExcludeProtocolTypes":"","Authors":[],"Tags":[],"ExcludeTags":[],"IncludeTags":[],"IDs":[],"ExcludeIDs":[],"TemplateCondition":[]}}
{"level":"INFO","timestamp":"2025-03-07T21:11:17.615+0800","caller":"logger/logger.go:76","msg":"获取扫描结果请求","page":1,"pageSize":10}
{"level":"INFO","timestamp":"2025-03-07T21:11:17.616+0800","caller":"logger/logger.go:76","msg":"成功获取扫描结果","total":0,"results_count":0}
{"level":"INFO","timestamp":"2025-03-07T21:11:18.073+0800","caller":"logger/logger.go:76","msg":"收到获取配置请求"}
{"level":"INFO","timestamp":"2025-03-07T21:11:18.073+0800","caller":"logger/logger.go:76","msg":"开始创建ConfigWrapper"}
{"level":"INFO","timestamp":"2025-03-07T21:11:18.074+0800","caller":"logger/logger.go:76","msg":"ConfigWrapper创建完成","config":{"Mitmproxy":{"AddrPort":"","SslInsecure":false,"IncludeDomain":[],"ExcludeDomain":["github.com","baidu.com","wetab.link","avatars.githubusercontent.com","cn.bing.com","api.wetab.link","luna-ai.youdao.com","www.bilibili.com","chaos.com","youdao.com","microsoft.com","lxc.com"],"FilterSuffix":[".mp3",".mp4",".js"]},"Redis":{"Address":"127.0.0.1:6379"},"HeaderMap":{"Headers":null,"SetCookie":null},"CaConfig":{"CaRootPath":"certs"},"TemplateFilter":{"Severity":"critical,high","ExcludeSeverities":"","ProtocolTypes":"http,dns,file,tcp,headless","ExcludeProtocolTypes":"","Authors":[],"Tags":[],"ExcludeTags":[],"IncludeTags":[],"IDs":[],"ExcludeIDs":[],"TemplateCondition":[]}}}
{"level":"INFO","timestamp":"2025-03-07T21:11:19.007+0800","caller":"logger/logger.go:76","msg":"获取扫描结果请求","page":1,"pageSize":10}
{"level":"INFO","timestamp":"2025-03-07T21:11:19.007+0800","caller":"logger/logger.go:76","msg":"成功获取扫描结果","total":0,"results_count":0}
{"level":"INFO","timestamp":"2025-03-07T21:50:09.227+0800","caller":"logger/logger.go:76","msg":"配置初始化完成"}
{"level":"INFO","timestamp":"2025-03-07T21:50:09.229+0800","caller":"logger/logger.go:76","msg":"开始创建API服务"}
{"level":"INFO","timestamp":"2025-03-07T21:50:09.229+0800","caller":"logger/logger.go:76","msg":"Redis管理器创建完成","redis_addr":"127.0.0.1:6379"}
{"level":"INFO","timestamp":"2025-03-07T21:50:09.229+0800","caller":"logger/logger.go:76","msg":"开始创建ConfigWrapper"}
{"level":"INFO","timestamp":"2025-03-07T21:50:09.237+0800","caller":"logger/logger.go:76","msg":"ConfigWrapper创建完成","config":{"Mitmproxy":{"AddrPort":"","SslInsecure":false,"IncludeDomain":[],"ExcludeDomain":["github.com","baidu.com","wetab.link","avatars.githubusercontent.com","cn.bing.com","api.wetab.link","luna-ai.youdao.com","www.bilibili.com","chaos.com","youdao.com","microsoft.com","lxc.com"],"FilterSuffix":[".mp3",".mp4",".js"]},"Redis":{"Address":"127.0.0.1:6379"},"HeaderMap":{"Headers":null,"SetCookie":null},"CaConfig":{"CaRootPath":"certs"},"TemplateFilter":{"Severity":"critical,high","ExcludeSeverities":"","ProtocolTypes":"http,dns,file,tcp,headless","ExcludeProtocolTypes":"","Authors":[],"Tags":[],"ExcludeTags":[],"IncludeTags":[],"IDs":[],"ExcludeIDs":[],"TemplateCondition":[]}}}
{"level":"INFO","timestamp":"2025-03-07T21:50:09.238+0800","caller":"logger/logger.go:76","msg":"开始设置配置变更监听"}
{"level":"INFO","timestamp":"2025-03-07T21:50:09.238+0800","caller":"logger/logger.go:76","msg":"配置变更监听器启动完成"}
{"level":"INFO","timestamp":"2025-03-07T21:50:09.238+0800","caller":"logger/logger.go:76","msg":"配置变更监听器设置完成"}
{"level":"INFO","timestamp":"2025-03-07T21:50:09.240+0800","caller":"logger/logger.go:76","msg":"API路由设置完成"}
{"level":"INFO","timestamp":"2025-03-07T21:50:09.240+0800","caller":"logger/logger.go:76","msg":"API服务创建完成","redis_addr":"127.0.0.1:6379"}
{"level":"INFO","timestamp":"2025-03-07T21:50:09.240+0800","caller":"logger/logger.go:76","msg":"正在启动API服务器","port":":7080"}
{"level":"INFO","timestamp":"2025-03-07T21:50:09.240+0800","caller":"logger/logger.go:76","msg":"正在启动代理服务","port":""}
{"level":"INFO","timestamp":"2025-03-07T21:50:09.832+0800","caller":"logger/logger.go:76","msg":"使用模板路径","templates":"S:\\Hack\\HackInGo\\Guts\\templates","workflows":"S:\\Hack\\HackInGo\\Guts\\templates\\workflows"}
{"level":"INFO","timestamp":"2025-03-07T21:50:23.099+0800","caller":"logger/logger.go:76","msg":"获取扫描结果请求","page":1,"pageSize":10}
{"level":"INFO","timestamp":"2025-03-07T21:50:23.099+0800","caller":"logger/logger.go:76","msg":"成功获取扫描结果","total":0,"results_count":0}
{"level":"INFO","timestamp":"2025-03-07T21:50:41.371+0800","caller":"logger/logger.go:76","msg":"正在启动代理服务","port":":9080"}
{"level":"INFO","timestamp":"2025-03-07T21:50:53.871+0800","caller":"logger/logger.go:76","msg":"获取扫描结果请求","page":1,"pageSize":10}
{"level":"INFO","timestamp":"2025-03-07T21:50:53.872+0800","caller":"logger/logger.go:76","msg":"成功获取扫描结果","total":0,"results_count":0}
{"level":"INFO","timestamp":"2025-03-07T21:51:23.879+0800","caller":"logger/logger.go:76","msg":"获取扫描结果请求","page":1,"pageSize":10}
{"level":"INFO","timestamp":"2025-03-07T21:51:23.880+0800","caller":"logger/logger.go:76","msg":"成功获取扫描结果","total":0,"results_count":0}
{"level":"INFO","timestamp":"2025-03-07T21:51:35.969+0800","caller":"logger/logger.go:76","msg":"收到获取配置请求"}
{"level":"INFO","timestamp":"2025-03-07T21:51:35.969+0800","caller":"logger/logger.go:76","msg":"开始创建ConfigWrapper"}
{"level":"INFO","timestamp":"2025-03-07T21:51:35.970+0800","caller":"logger/logger.go:76","msg":"ConfigWrapper创建完成","config":{"Mitmproxy":{"AddrPort":"","SslInsecure":false,"IncludeDomain":[],"ExcludeDomain":["github.com","baidu.com","wetab.link","avatars.githubusercontent.com","cn.bing.com","api.wetab.link","luna-ai.youdao.com","www.bilibili.com","chaos.com","youdao.com","microsoft.com","lxc.com"],"FilterSuffix":[".mp3",".mp4",".js"]},"Redis":{"Address":"127.0.0.1:6379"},"HeaderMap":{"Headers":null,"SetCookie":null},"CaConfig":{"CaRootPath":"certs"},"TemplateFilter":{"Severity":"critical,high","ExcludeSeverities":"","ProtocolTypes":"http,dns,file,tcp,headless","ExcludeProtocolTypes":"","Authors":[],"Tags":[],"ExcludeTags":[],"IncludeTags":[],"IDs":[],"ExcludeIDs":[],"TemplateCondition":[]}}}
{"level":"INFO","timestamp":"2025-03-07T21:51:55.025+0800","caller":"logger/logger.go:76","msg":"配置类型转换成功，执行回调"}
{"level":"INFO","timestamp":"2025-03-07T21:51:55.026+0800","caller":"logger/logger.go:76","msg":"收到配置更新","config":{"Mitmproxy":{"AddrPort":"","SslInsecure":false,"IncludeDomain":[],"ExcludeDomain":["github.com","baidu.com","wetab.link","avatars.githubusercontent.com","cn.bing.com","api.wetab.link","luna-ai.youdao.com","www.bilibili.com","chaos.com","youdao.com","microsoft.com","lxc.com","czb.cn"],"FilterSuffix":[".mp3",".mp4",".js"]},"Redis":{"Address":"127.0.0.1:6379"},"HeaderMap":{"Headers":null,"SetCookie":null},"CaConfig":{"CaRootPath":"certs"},"TemplateFilter":{"Severity":"critical,high","ExcludeSeverities":"","ProtocolTypes":"http,dns,file,tcp,headless","ExcludeProtocolTypes":"","Authors":[],"Tags":[],"ExcludeTags":[],"IncludeTags":[],"IDs":[],"ExcludeIDs":[],"TemplateCondition":[]}}}
{"level":"INFO","timestamp":"2025-03-07T21:51:55.025+0800","caller":"logger/logger.go:76","msg":"配置更新成功","new_config":{"AddrPort":"","SslInsecure":false,"IncludeDomain":[],"ExcludeDomain":["github.com","baidu.com","wetab.link","avatars.githubusercontent.com","cn.bing.com","api.wetab.link","luna-ai.youdao.com","www.bilibili.com","chaos.com","youdao.com","microsoft.com","lxc.com","czb.cn"],"FilterSuffix":[".mp3",".mp4",".js"]},"client_ip":"::1"}
{"level":"INFO","timestamp":"2025-03-07T21:51:55.035+0800","caller":"logger/logger.go:76","msg":"收到获取配置请求"}
{"level":"INFO","timestamp":"2025-03-07T21:51:55.035+0800","caller":"logger/logger.go:76","msg":"开始创建ConfigWrapper"}
{"level":"INFO","timestamp":"2025-03-07T21:51:55.035+0800","caller":"logger/logger.go:76","msg":"ConfigWrapper创建完成","config":{"Mitmproxy":{"AddrPort":"","SslInsecure":false,"IncludeDomain":[],"ExcludeDomain":["github.com","baidu.com","wetab.link","avatars.githubusercontent.com","cn.bing.com","api.wetab.link","luna-ai.youdao.com","www.bilibili.com","chaos.com","youdao.com","microsoft.com","lxc.com","czb.cn"],"FilterSuffix":[".mp3",".mp4",".js"]},"Redis":{"Address":"127.0.0.1:6379"},"HeaderMap":{"Headers":null,"SetCookie":null},"CaConfig":{"CaRootPath":"certs"},"TemplateFilter":{"Severity":"critical,high","ExcludeSeverities":"","ProtocolTypes":"http,dns,file,tcp,headless","ExcludeProtocolTypes":"","Authors":[],"Tags":[],"ExcludeTags":[],"IncludeTags":[],"IDs":[],"ExcludeIDs":[],"TemplateCondition":[]}}}
{"level":"INFO","timestamp":"2025-03-07T21:51:57.891+0800","caller":"logger/logger.go:76","msg":"收到获取配置请求"}
{"level":"INFO","timestamp":"2025-03-07T21:51:57.891+0800","caller":"logger/logger.go:76","msg":"开始创建ConfigWrapper"}
{"level":"INFO","timestamp":"2025-03-07T21:51:57.892+0800","caller":"logger/logger.go:76","msg":"ConfigWrapper创建完成","config":{"Mitmproxy":{"AddrPort":"","SslInsecure":false,"IncludeDomain":[],"ExcludeDomain":["github.com","baidu.com","wetab.link","avatars.githubusercontent.com","cn.bing.com","api.wetab.link","luna-ai.youdao.com","www.bilibili.com","chaos.com","youdao.com","microsoft.com","lxc.com","czb.cn"],"FilterSuffix":[".mp3",".mp4",".js"]},"Redis":{"Address":"127.0.0.1:6379"},"HeaderMap":{"Headers":null,"SetCookie":null},"CaConfig":{"CaRootPath":"certs"},"TemplateFilter":{"Severity":"critical,high","ExcludeSeverities":"","ProtocolTypes":"http,dns,file,tcp,headless","ExcludeProtocolTypes":"","Authors":[],"Tags":[],"ExcludeTags":[],"IncludeTags":[],"IDs":[],"ExcludeIDs":[],"TemplateCondition":[]}}}
{"level":"INFO","timestamp":"2025-03-07T21:52:15.734+0800","caller":"logger/logger.go:76","msg":"收到获取模板配置请求"}
{"level":"INFO","timestamp":"2025-03-07T21:52:15.734+0800","caller":"logger/logger.go:76","msg":"返回模板配置","config":{"Severity":"critical,high","ExcludeSeverities":"","ProtocolTypes":"http,dns,file,tcp,headless","ExcludeProtocolTypes":"","Authors":[],"Tags":[],"ExcludeTags":[],"IncludeTags":[],"IDs":[],"ExcludeIDs":[],"TemplateCondition":[]}}
{"level":"INFO","timestamp":"2025-03-07T21:52:26.398+0800","caller":"logger/logger.go:76","msg":"模板配置更新成功","new_config":{"Severity":"critical,high","ExcludeSeverities":"","ProtocolTypes":"http,dns,file,tcp,headless","ExcludeProtocolTypes":"","Authors":["czb"],"Tags":[],"ExcludeTags":[],"IncludeTags":[],"IDs":[],"ExcludeIDs":[],"TemplateCondition":[]}}
{"level":"INFO","timestamp":"2025-03-07T21:52:26.405+0800","caller":"logger/logger.go:76","msg":"收到获取模板配置请求"}
{"level":"INFO","timestamp":"2025-03-07T21:52:26.405+0800","caller":"logger/logger.go:76","msg":"返回模板配置","config":{"Severity":"critical,high","ExcludeSeverities":"","ProtocolTypes":"http,dns,file,tcp,headless","ExcludeProtocolTypes":"","Authors":["czb"],"Tags":[],"ExcludeTags":[],"IncludeTags":[],"IDs":[],"ExcludeIDs":[],"TemplateCondition":[]}}
{"level":"INFO","timestamp":"2025-03-07T21:53:04.460+0800","caller":"logger/logger.go:76","msg":"收到获取模板配置请求"}
{"level":"INFO","timestamp":"2025-03-07T21:53:04.460+0800","caller":"logger/logger.go:76","msg":"返回模板配置","config":{"Severity":"critical,high","ExcludeSeverities":"","ProtocolTypes":"http,dns,file,tcp,headless","ExcludeProtocolTypes":"","Authors":["czb"],"Tags":[],"ExcludeTags":[],"IncludeTags":[],"IDs":[],"ExcludeIDs":[],"TemplateCondition":[]}}
{"level":"INFO","timestamp":"2025-03-07T21:53:05.503+0800","caller":"logger/logger.go:76","msg":"获取扫描结果请求","page":1,"pageSize":10}
{"level":"INFO","timestamp":"2025-03-07T21:53:05.504+0800","caller":"logger/logger.go:76","msg":"成功获取扫描结果","total":0,"results_count":0}
{"level":"INFO","timestamp":"2025-03-07T21:53:35.882+0800","caller":"logger/logger.go:76","msg":"获取扫描结果请求","page":1,"pageSize":10}
{"level":"INFO","timestamp":"2025-03-07T21:53:35.883+0800","caller":"logger/logger.go:76","msg":"成功获取扫描结果","total":0,"results_count":0}
{"level":"INFO","timestamp":"2025-03-07T21:54:05.870+0800","caller":"logger/logger.go:76","msg":"获取扫描结果请求","page":1,"pageSize":10}
{"level":"INFO","timestamp":"2025-03-07T21:54:05.871+0800","caller":"logger/logger.go:76","msg":"成功获取扫描结果","total":0,"results_count":0}
{"level":"INFO","timestamp":"2025-03-07T21:54:35.886+0800","caller":"logger/logger.go:76","msg":"获取扫描结果请求","page":1,"pageSize":10}
{"level":"INFO","timestamp":"2025-03-07T21:54:35.886+0800","caller":"logger/logger.go:76","msg":"成功获取扫描结果","total":0,"results_count":0}
{"level":"INFO","timestamp":"2025-03-07T21:55:00.103+0800","caller":"logger/logger.go:76","msg":"收到获取模板配置请求"}
{"level":"INFO","timestamp":"2025-03-07T21:55:00.103+0800","caller":"logger/logger.go:76","msg":"返回模板配置","config":{"Severity":"critical,high","ExcludeSeverities":"","ProtocolTypes":"http,dns,file,tcp,headless","ExcludeProtocolTypes":"","Authors":["czb"],"Tags":[],"ExcludeTags":[],"IncludeTags":[],"IDs":[],"ExcludeIDs":[],"TemplateCondition":[]}}
